============================================================
  Generated by:           Genus(TM) Synthesis Solution 21.14-s082_1
  Generated on:           Dec 19 2025  02:28:49 pm
  Module:                 Calculator
  Operating conditions:   slow (balanced_tree)
  Wireload mode:          enclosed
  Area mode:              timing library
============================================================

                               
   Gate    Instances    Area   Library 
---------------------------------------
ADDFX1            26   511.664    slow 
ADDFXL            39   767.497    slow 
AND2X1             5    22.707    slow 
AND2XL             1     4.541    slow 
AO21X1             1     6.812    slow 
AOI211XL           1     5.298    slow 
AOI21X1           15    68.121    slow 
AOI21X2            1     8.326    slow 
AOI21XL            4    18.166    slow 
AOI222X1           1     9.083    slow 
AOI222XL           7    58.281    slow 
AOI22X1            1     6.055    slow 
AOI2BB1X1          1     6.055    slow 
AOI31X1            2    12.110    slow 
AOI31X2            1     9.840    slow 
AOI32X1            1     6.812    slow 
CLKINVX1          11    24.978    slow 
CLKINVX2           1     3.784    slow 
CLKXOR2X1          2    16.652    slow 
DFFRHQX1          16   326.981    slow 
INVX1             16    36.331    slow 
INVXL             16    36.331    slow 
MX2X1             11    74.933    slow 
MXI2XL            12    72.662    slow 
NAND2BX1           3    13.624    slow 
NAND2X1            3    11.354    slow 
NAND2XL           75   227.070    slow 
NOR2BX1            1     4.541    slow 
NOR2BXL            1     4.541    slow 
NOR2X1             2     7.569    slow 
NOR2X2             1     6.055    slow 
NOR2XL            20    60.552    slow 
OA21X1             1     6.812    slow 
OAI211X1           1     5.298    slow 
OAI21X1           13    59.038    slow 
OAI21X2            2    16.652    slow 
OAI22X1            5    30.276    slow 
OAI2BB1X1          3    15.895    slow 
OAI2BB1XL          7    37.088    slow 
OR2X1              6    27.248    slow 
XNOR2X1            5    41.630    slow 
XNOR2XL            1     8.326    slow 
XOR2XL             1     8.326    slow 
---------------------------------------
total            343  2705.917         


                                         
     Type      Instances   Area   Area % 
-----------------------------------------
sequential            16  326.981   12.1 
inverter              44  101.425    3.7 
logic                283 2277.512   84.2 
physical_cells         0    0.000    0.0 
-----------------------------------------
total                343 2705.917  100.0 

