============================================================
  Generated by:           Genus(TM) Synthesis Solution 21.14-s082_1
  Generated on:           Dec 19 2025  02:28:48 pm
  Module:                 Calculator
  Operating conditions:   slow (balanced_tree)
  Wireload mode:          enclosed
  Area mode:              timing library
============================================================


Path 1: MET (0 ps) Setup Check with Pin Result_reg[0]/CK->D
          Group: clk
     Startpoint: (F) B[7]
          Clock: (R) clk
       Endpoint: (F) Result_reg[0]/D
          Clock: (R) clk

                     Capture       Launch     
        Clock Edge:+   10000            0     
        Drv Adjust:+       0            0     
       Src Latency:+       0            0     
       Net Latency:+       0 (I)        0 (I) 
           Arrival:=   10000            0     
                                              
             Setup:-      88                  
       Uncertainty:-      50                  
     Required Time:=    9862                  
      Launch Clock:-       0                  
       Input Delay:-    2000                  
         Data Path:-    7862                  
             Slack:=       0                  

Exceptions/Constraints:
  input_delay             2000            constraints_input.sd_line_7_8_1 

#--------------------------------------------------------------------------------------------------
#      Timing Point        Flags    Arc   Edge   Cell     Fanout Load Trans Delay Arrival Instance 
#                                                                (fF)  (ps)  (ps)   (ps)  Location 
#--------------------------------------------------------------------------------------------------
  B[7]                     -       -      F     (arrival)     13 25.2   120     0    2000    (-,-) 
  div_19_25_g1414__1705/Y  -       A->Y   R     NOR2X1         2  4.5   106   112    2112    (-,-) 
  div_19_25_g1404__5107/Y  -       B->Y   F     NAND2XL        2  4.5   135   123    2235    (-,-) 
  div_19_25_g1403__2398/Y  -       B->Y   R     NOR2XL         2  3.4   135   134    2368    (-,-) 
  div_19_25_g1399__1666/Y  -       B->Y   F     NAND2XL        2  4.4   137   128    2496    (-,-) 
  div_19_25_g1397__2346/Y  -       B->Y   R     NOR2X1         2  5.6   125   126    2622    (-,-) 
  div_19_25_g1396__2883/Y  -       B->Y   F     NAND2BX1       2  4.4    96    94    2717    (-,-) 
  div_19_25_g1393__9315/Y  -       B->Y   R     NAND2X1        2 10.9   115   109    2826    (-,-) 
  div_19_25_g1392__6161/Y  -       A1->Y  F     AOI21X2        3  9.7   110   109    2934    (-,-) 
  div_19_25_g1391__4733/Y  -       B->Y   R     NOR2X2         3  6.1    90    88    3022    (-,-) 
  div_19_25_g1387__5115/Y  -       B->Y   F     NAND2XL        1  5.5   161   134    3156    (-,-) 
  div_19_25_g1382__5122/Y  -       A1->Y  R     AOI31X2        5 14.0   160   171    3327    (-,-) 
  div_19_25_g1380__1705/Y  -       B->Y   F     NAND2XL        1  2.8   112   107    3435    (-,-) 
  div_19_25_g1375__3680/Y  -       B0->Y  R     OAI21X1        4  8.7   196   104    3539    (-,-) 
  div_19_25_g1371__4319/Y  -       B->Y   F     NOR2XL         1  2.7    87    72    3612    (-,-) 
  div_19_25_g1363__2346/Y  -       A0->Y  R     OAI21X1        1  5.3   132   129    3740    (-,-) 
  div_19_25_g1362__2883/Y  -       A1->Y  F     OAI21X2        6 15.4   136   129    3870    (-,-) 
  div_19_25_g1359__9315/Y  -       B->Y   R     NOR2XL         1  2.8   120   122    3992    (-,-) 
  div_19_25_g1354__5115/Y  -       B0->Y  F     AOI21X1        3  8.3   162    86    4078    (-,-) 
  div_19_25_g1353__1881/Y  -       B0->Y  R     AOI21X1        1  2.8   102   110    4188    (-,-) 
  div_19_25_g1350__8246/Y  -       B0->Y  F     AOI2BB1X1      3  6.0    78    73    4261    (-,-) 
  div_19_25_g1346__1617/Y  -       B0->Y  R     AOI21X1        1  2.8    87    86    4347    (-,-) 
  div_19_25_g1344__6783/Y  -       B0->Y  F     AOI21X1        1  4.9   134    62    4409    (-,-) 
  div_19_25_g1342__8428/CO -       CI->CO F     ADDFXL         1  2.8    92   236    4645    (-,-) 
  div_19_25_g1341__4319/Y  -       B0->Y  R     OAI21X1        1  2.8   117    62    4707    (-,-) 
  div_19_25_g1340__6260/Y  -       B->Y   F     NAND2X1        6 18.3   263   215    4922    (-,-) 
  div_19_25_g1337__2398/Y  -       B->Y   R     NOR2XL         1  2.8   149   153    5075    (-,-) 
  div_19_25_g1333__1666/Y  -       B0->Y  F     AOI21X1        2  6.7   144    83    5158    (-,-) 
  div_19_25_g1332__2346/CO -       CI->CO F     ADDFX1         1  4.9    96   264    5422    (-,-) 
  div_19_25_g1331__2883/CO -       CI->CO F     ADDFX1         1  4.9    96   250    5672    (-,-) 
  div_19_25_g1330__9945/CO -       CI->CO F     ADDFX1         1  4.9    96   250    5922    (-,-) 
  div_19_25_g1329__9315/CO -       CI->CO F     ADDFXL         1  2.7    88   224    6146    (-,-) 
  div_19_25_g1328__6161/Y  -       B0->Y  R     OAI2BB1X1      1  2.9    63    63    6209    (-,-) 
  div_19_25_g1327__4733/Y  -       C0->Y  F     OAI211X1       7 22.0   496   367    6575    (-,-) 
  div_19_25_g1326/Y        -       A->Y   R     INVX1          2  4.5   148   126    6702    (-,-) 
  div_19_25_g1319__8246/Y  -       A1->Y  F     AOI22X1        2  6.6   205   149    6850    (-,-) 
  div_19_25_g1317__1705/CO -       CI->CO F     ADDFX1         1  4.9    97   282    7132    (-,-) 
  div_19_25_g1316__2802/CO -       CI->CO F     ADDFX1         1  4.9    96   250    7382    (-,-) 
  div_19_25_g1315__1617/CO -       CI->CO F     ADDFX1         1  4.9    96   250    7632    (-,-) 
  div_19_25_g1314__3680/CO -       CI->CO F     ADDFX1         1  4.9    96   250    7882    (-,-) 
  div_19_25_g1313__6783/CO -       CI->CO F     ADDFXL         1  2.8    90   226    8108    (-,-) 
  div_19_25_g1312__5526/Y  -       B0->Y  R     OAI21X1        1  1.7   110    53    8161    (-,-) 
  div_19_25_g1311__8428/Y  -       B->Y   R     AND2X1         8 25.7   231   286    8447    (-,-) 
  div_19_25_g1310/Y        -       A->Y   F     CLKINVX1       2  4.5    90    72    8519    (-,-) 
  div_19_25_g1307__6260/Y  -       B->Y   R     NAND2XL        2  5.3   108   101    8621    (-,-) 
  div_19_25_g1297__9315/Y  -       A1->Y  F     AOI32X1        1  2.8   162   151    8772    (-,-) 
  div_19_25_g1296__6161/Y  -       B1->Y  R     OAI22X1        2  5.6   173   143    8915    (-,-) 
  div_19_25_g1294__7482/Y  -       A2->Y  F     AOI31X1        1  2.7   136   134    9049    (-,-) 
  div_19_25_g1293__5115/Y  -       A0->Y  R     OAI22X1        2  5.6   165   156    9204    (-,-) 
  div_19_25_g1291__6131/Y  -       A2->Y  F     AOI31X1        1  2.7   134   132    9337    (-,-) 
  div_19_25_g1290__7098/Y  -       A0->Y  R     OAI21X1        1  2.8    96   112    9448    (-,-) 
  div_19_25_g1289__8246/Y  -       B0->Y  F     OAI21X1        1  2.7    80    82    9531    (-,-) 
  div_19_25_g1288__5122/Y  -       B0->Y  R     OAI2BB1X1      1  2.8    59    60    9591    (-,-) 
  div_19_25_g1287__1705/Y  -       B0->Y  F     OAI21X1        1  2.8    81    74    9665    (-,-) 
  g1541__1666/Y            -       C0->Y  R     AOI222X1       1  1.6   183   133    9798    (-,-) 
  g1540/Y                  -       A->Y   F     INVXL          1  2.3    77    64    9862    (-,-) 
  Result_reg[0]/D          <<<     -      F     DFFRHQX1       1    -     -     0    9862    (-,-) 
#--------------------------------------------------------------------------------------------------

