============================================================
  Generated by:           Genus(TM) Synthesis Solution 21.14-s082_1
  Generated on:           Dec 18 2025  01:33:00 pm
  Module:                 Calculator
  Operating conditions:   slow (balanced_tree)
  Wireload mode:          enclosed
  Area mode:              timing library
============================================================

                               
   Gate    Instances    Area   Library 
---------------------------------------
ADDFX1            68  1338.199    slow 
AND2X1             4    18.166    slow 
AO21X1             5    34.060    slow 
AOI211XL           2    10.597    slow 
AOI21XL            5    22.707    slow 
AOI221X1           1     7.569    slow 
AOI221XL           1     7.569    slow 
AOI222XL           8    66.607    slow 
AOI22XL            3    18.166    slow 
CLKINVX1          13    29.519    slow 
CLKXOR2X1          3    24.978    slow 
DFFRHQX1          16   326.981    slow 
INVX1             11    24.978    slow 
INVXL             16    36.331    slow 
MX2X1              9    61.309    slow 
MXI2XL            20   121.104    slow 
NAND2BX1           1     4.541    slow 
NAND2XL           70   211.932    slow 
NOR2BXL            1     4.541    slow 
NOR2XL            17    51.469    slow 
OAI211XL           4    21.193    slow 
OAI21X1            1     4.541    slow 
OAI21XL            6    27.248    slow 
OAI22XL            1     6.055    slow 
OAI2BB1XL         11    58.281    slow 
OAI32XL            1     6.812    slow 
OR2X1             11    49.955    slow 
XNOR2X1            5    41.630    slow 
---------------------------------------
total            314  2637.040         


                                         
     Type      Instances   Area   Area % 
-----------------------------------------
sequential            16  326.981   12.4 
inverter              40   90.828    3.4 
logic                258 2219.231   84.2 
physical_cells         0    0.000    0.0 
-----------------------------------------
total                314 2637.040  100.0 

